<?xml version="1.0" encoding="UTF-8"?>
<!-- Generated by org.testng.reporters.JUnitXMLReporter -->
<testsuite ignored="0" hostname="DESKTOP-O3P90S8" failures="0" tests="2" name="Linux-Chrome" time="360.069" errors="0" timestamp="2025-12-11T13:04:02 IST">
  <testcase classname="testCases.TC_001_AccountRegistrationTest" name="verify_account_registration" time="0.0">
    <skipped/>
  </testcase> <!-- verify_account_registration -->
  <testcase classname="testCases.TC_002_LoginTest" name="veryLogin" time="0.0">
    <skipped/>
  </testcase> <!-- veryLogin -->
</testsuite> <!-- Linux-Chrome -->
