<?xml version="1.0" encoding="UTF-8"?>
<!-- Generated by org.testng.reporters.JUnitXMLReporter -->
<testsuite ignored="0" hostname="DESKTOP-O3P90S8" failures="0" tests="3" name="Test" time="17.7" errors="0" timestamp="2025-12-17T11:22:47 IST">
  <testcase classname="testCases.TC_001_AccountRegistrationTest" name="verify_account_registration" time="1.667"/>
  <testcase classname="testCases.TC_002_LoginTest" name="veryLogin" time="1.477"/>
  <testcase classname="testCases.TC_004_ProductSearch" name="verify_pruductSearch" time="0.438"/>
</testsuite> <!-- Test -->
