<?xml version="1.0" encoding="UTF-8"?>
<testng-results ignored="0" total="3" passed="3" failed="0" skipped="0">
  <reporter-output>
  </reporter-output>
  <suite started-at="2025-12-17T11:22:28 IST" name="Suite" finished-at="2025-12-17T11:22:46 IST" duration-ms="17700">
    <groups>
      <group name="Master">
        <method signature="TC_001_AccountRegistrationTest.verify_account_registration()[pri:0, instance:testCases.TC_001_AccountRegistrationTest@42039326]" name="verify_account_registration" class="testCases.TC_001_AccountRegistrationTest"/>
        <method signature="TC_002_LoginTest.veryLogin()[pri:0, instance:testCases.TC_002_LoginTest@7d1cfb8b]" name="veryLogin" class="testCases.TC_002_LoginTest"/>
        <method signature="TC_004_ProductSearch.verify_pruductSearch()[pri:0, instance:testCases.TC_004_ProductSearch@48e92c5c]" name="verify_pruductSearch" class="testCases.TC_004_ProductSearch"/>
      </group> <!-- Master -->
      <group name="Sanity">
        <method signature="TC_002_LoginTest.veryLogin()[pri:0, instance:testCases.TC_002_LoginTest@7d1cfb8b]" name="veryLogin" class="testCases.TC_002_LoginTest"/>
      </group> <!-- Sanity -->
      <group name="Regression">
        <method signature="TC_001_AccountRegistrationTest.verify_account_registration()[pri:0, instance:testCases.TC_001_AccountRegistrationTest@42039326]" name="verify_account_registration" class="testCases.TC_001_AccountRegistrationTest"/>
      </group> <!-- Regression -->
    </groups>
    <test started-at="2025-12-17T11:22:28 IST" name="Test" finished-at="2025-12-17T11:22:46 IST" duration-ms="17700">
      <class name="testCases.TC_001_AccountRegistrationTest">
        <test-method is-config="true" signature="setUp(java.lang.String,java.lang.String)[pri:0, instance:testCases.TC_001_AccountRegistrationTest@42039326]" started-at="2025-12-17T11:22:28 IST" name="setUp" finished-at="2025-12-17T11:22:30 IST" duration-ms="1804" status="PASS">
          <params>
            <param index="0">
              <value>
                <![CDATA[windows]]>
              </value>
            </param>
            <param index="1">
              <value>
                <![CDATA[chrome]]>
              </value>
            </param>
          </params>
          <reporter-output>
          </reporter-output>
        </test-method> <!-- setUp -->
        <test-method signature="verify_account_registration()[pri:0, instance:testCases.TC_001_AccountRegistrationTest@42039326]" started-at="2025-12-17T11:22:30 IST" name="verify_account_registration" finished-at="2025-12-17T11:22:32 IST" duration-ms="1667" status="PASS">
          <reporter-output>
          </reporter-output>
        </test-method> <!-- verify_account_registration -->
        <test-method is-config="true" signature="tearDown()[pri:0, instance:testCases.TC_001_AccountRegistrationTest@42039326]" started-at="2025-12-17T11:22:32 IST" name="tearDown" finished-at="2025-12-17T11:22:35 IST" duration-ms="3097" status="PASS">
          <reporter-output>
          </reporter-output>
        </test-method> <!-- tearDown -->
      </class> <!-- testCases.TC_001_AccountRegistrationTest -->
      <class name="testCases.TC_002_LoginTest">
        <test-method is-config="true" signature="setUp(java.lang.String,java.lang.String)[pri:0, instance:testCases.TC_002_LoginTest@7d1cfb8b]" started-at="2025-12-17T11:22:35 IST" name="setUp" finished-at="2025-12-17T11:22:37 IST" duration-ms="1434" status="PASS">
          <params>
            <param index="0">
              <value>
                <![CDATA[windows]]>
              </value>
            </param>
            <param index="1">
              <value>
                <![CDATA[chrome]]>
              </value>
            </param>
          </params>
          <reporter-output>
          </reporter-output>
        </test-method> <!-- setUp -->
        <test-method signature="veryLogin()[pri:0, instance:testCases.TC_002_LoginTest@7d1cfb8b]" started-at="2025-12-17T11:22:37 IST" name="veryLogin" finished-at="2025-12-17T11:22:38 IST" duration-ms="1477" status="PASS">
          <reporter-output>
          </reporter-output>
        </test-method> <!-- veryLogin -->
        <test-method is-config="true" signature="tearDown()[pri:0, instance:testCases.TC_002_LoginTest@7d1cfb8b]" started-at="2025-12-17T11:22:38 IST" name="tearDown" finished-at="2025-12-17T11:22:41 IST" duration-ms="3097" status="PASS">
          <reporter-output>
          </reporter-output>
        </test-method> <!-- tearDown -->
      </class> <!-- testCases.TC_002_LoginTest -->
      <class name="testCases.TC_004_ProductSearch">
        <test-method is-config="true" signature="setUp(java.lang.String,java.lang.String)[pri:0, instance:testCases.TC_004_ProductSearch@48e92c5c]" started-at="2025-12-17T11:22:41 IST" name="setUp" finished-at="2025-12-17T11:22:42 IST" duration-ms="1379" status="PASS">
          <params>
            <param index="0">
              <value>
                <![CDATA[windows]]>
              </value>
            </param>
            <param index="1">
              <value>
                <![CDATA[chrome]]>
              </value>
            </param>
          </params>
          <reporter-output>
          </reporter-output>
        </test-method> <!-- setUp -->
        <test-method signature="verify_pruductSearch()[pri:0, instance:testCases.TC_004_ProductSearch@48e92c5c]" started-at="2025-12-17T11:22:42 IST" name="verify_pruductSearch" finished-at="2025-12-17T11:22:43 IST" duration-ms="438" status="PASS">
          <reporter-output>
          </reporter-output>
        </test-method> <!-- verify_pruductSearch -->
        <test-method is-config="true" signature="tearDown()[pri:0, instance:testCases.TC_004_ProductSearch@48e92c5c]" started-at="2025-12-17T11:22:43 IST" name="tearDown" finished-at="2025-12-17T11:22:46 IST" duration-ms="3093" status="PASS">
          <reporter-output>
          </reporter-output>
        </test-method> <!-- tearDown -->
      </class> <!-- testCases.TC_004_ProductSearch -->
    </test> <!-- Test -->
  </suite> <!-- Suite -->
</testng-results>
