<?xml version="1.0" encoding="UTF-8"?>
<!-- Generated by org.testng.reporters.JUnitReportReporter -->
<testsuite hostname="DESKTOP-O3P90S8" failures="0" tests="5" name="testCases.TC_003_LoginTestDDT" time="28.747" errors="0" timestamp="2025-12-06T22:22:18 IST" skipped="0">
  <testcase classname="testCases.TC_003_LoginTestDDT" name="verify_loginDDT" time="1.726"/>
  <testcase classname="testCases.TC_003_LoginTestDDT" name="verify_loginDDT" time="1.906"/>
  <testcase classname="testCases.TC_003_LoginTestDDT" name="verify_loginDDT" time="2.195"/>
  <testcase classname="testCases.TC_003_LoginTestDDT" name="verify_loginDDT" time="11.462"/>
  <testcase classname="testCases.TC_003_LoginTestDDT" name="verify_loginDDT" time="11.458"/>
</testsuite> <!-- testCases.TC_003_LoginTestDDT -->
